<?xml version="1.0" encoding="UTF-8"?>
<testsuite name="de.pflugradts.guicedemo.simple.InterfaceSimpleTest$SingletonTest" tests="1" skipped="0" failures="0" errors="0" timestamp="2021-04-05T13:52:59" hostname="ideapad-s145" time="0.008">
  <properties/>
  <testcase name="shouldBeCreated()" classname="de.pflugradts.guicedemo.simple.InterfaceSimpleTest$SingletonTest" time="0.008"/>
  <system-out><![CDATA[]]></system-out>
  <system-err><![CDATA[]]></system-err>
</testsuite>
